1738512065.567
1738512065.577
1738512065.593
1738512065.609
1738512065.624
1738512065.641
1738512065.657
1738512065.674
1738512065.691
1738512065.707
1738512065.723
1738512065.738
1738512065.754
1738512065.771
1738512065.787
1738512065.801
1738512065.817
1738512065.830
1738512065.846
1738512065.862
1738512065.877
1738512065.893
1738512065.909
1738512065.924
1738512065.939
1738512065.955
1738512065.968
1738512065.983
1738512065.998
1738512066.013
1738512066.030
1738512066.044
1738512066.060
1738512066.076
1738512066.092
1738512066.107
1738512066.124
1738512066.140
1738512066.157
1738512066.169
1738512066.182
1738512066.198
1738512066.214
1738512066.229
1738512066.245
1738512084.747
1738512084.773
1738512084.788
1738512084.802
1738512084.816
1738512084.830
1738512084.845
1738512084.861
1738512084.877
1738512084.890
1738512084.906
1738512084.919
1738512084.934
1738512084.947
1738512084.962
1738512084.978
1738512084.993
1738512085.007
1738512085.023
1738512085.037
1738512085.050
1738512085.066
1738512085.082
1738512085.095
1738512085.111
1738512085.123
1738512085.140
1738512085.158
1738512085.173
1738512085.189
1738512085.206
1738512085.222
1738512085.236
1738512085.251
1738512085.264
1738512085.280
1738512085.296
1738512085.312
1738512085.327
1738512085.341
1738512085.356
1738512085.371
1738512085.388
1738512085.405
1738512104.920
1738512104.937
1738512104.953
1738512104.969
1738512104.984
1738512105.000
1738512105.016
1738512105.031
1738512105.047
1738512105.062
1738512105.078
1738512105.094
1738512105.111
1738512105.126
1738512105.142
1738512105.157
1738512105.173
1738512105.187
1738512105.203
1738512105.218
1738512105.234
1738512105.249
1738512105.266
1738512105.281
1738512105.296
1738512105.309
1738512105.327
1738512105.342
1738512105.358
1738512105.375
1738512105.391
1738512105.408
1738512105.427
1738512105.440
1738512105.458
1738512105.476
1738512105.487
1738512487.954
1738512487.976
1738512487.992
1738512488.008
1738512488.024
1738512488.039
1738512488.055
1738512488.070
1738512488.085
1738512488.101
1738512488.117
1738512488.133
1738512488.148
1738512488.164
1738512488.180
1738512488.195
1738512488.211
1738512488.227
1738512488.242
1738512488.258
1738512488.274
1738512488.290
1738512488.306
1738512488.321
1738512488.336
1738512488.351
1738512488.367
1738512488.382
1738512488.397
1738512488.412
1738512488.428
1738512488.443
1738512488.460
1738512488.475
1738512488.491
1738512488.507
1738512488.522
1738512488.537
1738512488.553
1738512488.569
1738512488.584
1738512488.600
1738512488.615
1738512488.631
1738512488.646
1738512488.661
1738512488.677
1738512488.693
1738512488.709
1738512488.724
1738512488.740
1738512488.755
1738512488.771
1738512488.787
1738512488.803
1738512488.819
1738512488.834
1738512488.850
1738512488.866
1738512488.882
1738512488.898
1738512488.913
1738512488.929
1738512488.944
1738512488.960
1738512488.977
1738512488.993
1738512489.008
1738512489.024
1738512489.039
1738512489.055
1738512489.070
1738512489.086
1738512489.101
1738512489.117
1738512489.132
1738512489.148
1738512489.163
1738512489.179
1738512489.194
1738512489.209
1738512489.225
1738512489.241
1738512489.257
1738512489.273
1738512489.288
1738512489.304
1738512489.319
1738512489.335
1738512489.350
1738512489.366
1738512489.381
1738512489.397
1738512489.412
1738512489.427
1738512489.442
1738512489.459
1738512489.475
1738512489.489
1738512489.505
1738512489.520
1738512489.535
1738512489.550
1738512489.566
1738512489.581
1738512489.596
1738512489.612
1738512489.628
1738512489.644
1738512489.659
1738512489.674
1738512489.690
1738512489.705
1738512489.721
1738512489.736
1738512489.752
1738512489.767
1738512489.783
1738512489.798
1738512489.813
1738512489.829
1738512489.845
1738512489.860
1738512489.876
1738512489.891
1738512489.906
1738512489.922
1738512489.937
1738512489.954
1738512489.969
1738512489.985
1738512490.001
1738512490.016
1738512490.032
1738512490.047
1738512490.063
1738512490.078
1738512490.094
1738512490.110
1738512490.125
1738512490.141
1738512490.156
1738512490.171
1738512490.186
1738512490.202
1738512490.217
1738512490.233
1738512490.249
1738512490.264
1738512490.279
1738512490.295
1738512490.310
1738512490.326
1738512490.341
1738512490.357
1738512490.372
1738512490.388
1738512490.404
1738512490.419
1738512490.435
1738512490.450
1738512490.465
1738512490.481
1738512490.496
1738512490.511
1738512490.526
1738512490.542
1738512490.559
1738512490.574
1738512490.590
1738512490.606
1738512490.622
1738512490.638
1738512490.654
1738512490.669
1738512490.685
1738512490.701
1738512490.716
1738512490.732
1738512490.748
1738512490.763
1738512490.779
1738512490.795
1738512490.810
1738512490.826
1738512490.841
1738512490.857
1738512490.872
1738512490.888
1738512490.904
1738512490.920
1738512490.936
1738512490.952
1738512490.968
1738512490.983
1738512490.998
1738512491.014
1738512491.030
1738512491.046
1738512491.061
1738512491.077
1738512491.092
1738512491.108
1738512491.123
1738512491.139
1738512491.155
1738512527.813
1738512527.825
1738512527.838
1738512527.854
1738512527.867
1738512527.882
1738512527.897
1738512527.913
1738512527.928
1738512527.944
1738512527.960
1738512527.976
1738512527.991
1738512528.006
1738512528.022
1738512528.035
1738512528.050
1738512528.065
1738512528.080
1738512528.096
1738512528.112
1738512528.127
1738512528.143
1738512528.157
1738512528.174
1738512528.190
1738512528.206
1738512528.222
1738512528.235
1738512528.248
1738512528.263
1738512528.278
1738512528.294
1738512528.307
1738512528.322
1738512528.338
1738512528.355
1738512528.367
1738512528.380
1738512528.396
1738512528.411
1738512528.426
1738512528.441
1738512528.458
1738512528.474
1738512528.485
1738512528.499
1738512528.513
1738512528.529
1738512528.545
1738512528.557
1738512528.573
1738512528.586
1738512528.603
1738512528.617
1738512528.630
1738512528.646
1738512528.661
1738512528.674
1738512528.687
1738512528.700
1738512528.714
1738512528.730
1738512528.746
1738512528.761
1738512528.780
1738512528.795
1738512528.810
1738512528.825
1738512528.841
1738512528.858
1738512528.871
1738512528.883
1738512528.897
1738512528.913
1738512528.928
1738512528.944
1738512528.957
1738512528.975
1738512528.990
1738512529.007
1738512529.023
1738512529.039
1738512529.054
1738512529.067
1738512529.080
1738512529.096
1738512529.112
1738512529.127
1738512529.143
1738512529.157
1738512529.173
1738512529.190
1738512529.205
1738512529.221
1738512529.234
1738512529.248
1738512529.263
1738512529.278
1738512529.294
1738512529.307
1738512529.324
1738512529.339
1738512529.355
1738512529.369
1738512529.381
1738512529.397
1738512529.413
1738512529.428
1738512529.444
1738512529.457
1738512529.473
1738512529.486
1738512529.502
1738512529.515
1738512529.530
1738512529.546
1738512529.562
1738512529.577
1738512529.593
1738512529.607
1738512529.622
1738512529.637
1738512529.655
1738512529.669
1738512529.682
1738512529.696
1738512529.712
1738512529.728
1738512529.743
1738512529.757
1738512529.774
1738512529.791
1738512529.807
1738512529.824
1738512529.841
1738512529.857
1738512529.873
1738512529.888
1738512529.902
1738512529.917
1738512529.930
1738512529.946
1738512529.962
1738512529.977
1738512529.993
1738512530.007
1738512530.023
1738512530.041
1738512530.056
1738512530.072
1738512530.088
1738512530.101
1738512530.114
1738512530.128
1738512530.143
1738512530.157
1738512530.175
1738512530.191
1738512530.206
1738512530.221
1738512530.234
1738512530.248
1738512530.263
1738512530.279
1738512530.295
1738512530.308
1738512530.324
1738512530.341
1738512530.358
1738512530.373
1738512530.391
1738512530.408
1738512530.424
1738512530.468
1738512530.499
1738512530.512
1738512530.533
1738512530.559
1738512530.573
1738512530.588
1738512530.602
1738512530.615
1738512530.628
1738512530.641
1738512530.655
1738512530.670
1738512530.685
1738512530.699
1738512530.713
1738512530.728
1738512530.743
1738512530.759
1738512530.773
1738512530.788
1738512530.803
1738512530.816
1738512530.829
1738512530.846
1738512530.862
1738512530.877
1738512530.891
1738512530.907
1738512530.925
1738512530.940
1738512530.955
1738512530.971
1738512530.984
1738512530.997
1738512531.013
1738512531.028
1738512531.044
1738512531.060
1738512770.811
1738512770.828
1738512770.842
1738512770.856
1738512770.875
1738512770.890
1738512770.904
1738512770.917
1738512770.933
1738512770.948
1738512770.964
1738512770.977
1738512770.990
1738512771.004
1738512771.017
1738512771.031
1738512771.047
1738512771.062
1738512771.078
1738512771.091
1738512771.103
1738512771.117
1738512771.132
1738512771.147
1738512771.163
1738512771.179
1738512771.195
1738512771.208
1738512771.221
1738512771.233
1738512771.249
1738512771.265
1738512771.281
1738512771.295
1738512771.311
1738512771.324
1738512771.337
1738512771.350
1738512771.366
1738512771.382
1738512771.397
1738512771.412
1738512771.428
1738512771.441
1738512771.457
1738512771.470
1738512771.483
1738512771.498
1738512771.514
1738512771.530
1738512771.546
1738512771.560
1738512771.573
1738512771.587
1738512771.600
1738512771.616
1738512771.631
1738512771.648
1738565215.137
1738565215.150
1738565215.164
1738565215.177
1738565215.189
1738565215.202
1738565215.218
1738565215.230
1738565215.245
1738565215.257
1738565215.274
1738565215.290
1738565215.304
1738565215.318
1738565215.332
1738565215.348
1738565215.361
1738565215.373
1738565215.386
1738565215.402
1738565215.415
1738565215.432
1738565215.445
1738565215.461
1738565215.474
1738565215.489
1738565215.503
1738565215.516
1738565215.529
1738565215.541
1738565215.554
1738565215.566
1738565215.584
1738565215.595
1738565215.609
1738565215.622
1738565215.635
1738565215.648
1738565215.660
1738565215.677
1738565215.694
1738565215.711
1738565215.723
1738565215.735
1738565215.748
1738565215.761
1738565215.778
1738565215.792
1738565215.808
1738565215.823
1738565215.839
1738565215.855
1738565215.868
1738565224.545
1738565224.563
1738565224.579
1738565224.592
1738565224.605
1738565224.622
1738565224.637
1738565224.651
1738565224.668
1738565224.682
1738565224.697
1738565224.711
1738565224.726
1738565224.741
1738565224.757
1738565224.774
1738565224.791
1738565224.809
1738565224.826
1738565224.841
1738565224.854
1738565224.869
1738565224.883
1738565224.901
1738565224.915
1738565224.931
1738565224.946
1738565224.962
1738565224.976
1738565224.991
1738565225.004
1738565225.017
1738565225.034
1738565225.053
1738565225.066
1738565225.081
1738565225.094
1738565225.107
1738565225.121
1738565225.135
1738565225.153
1738565225.169
1738565225.182
1738565225.198
1738565225.211
1738565225.228
1738565225.241
1738565225.256
1738565225.270
1738565225.286
1738565802.202
1738565802.218
1738565802.233
1738565802.248
1738565802.264
1738565802.279
1738565802.295
1738565802.311
1738565802.326
1738565802.342
1738565802.357
1738565802.373
1738565802.389
1738565802.404
1738565802.420
1738565802.435
1738565802.451
1738565802.467
1738565802.483
1738565802.497
1738565802.513
1738565802.528
1738565802.545
1738565802.560
1738565802.575
1738565802.590
1738565802.607
1738565802.622
1738565802.638
1738565802.654
1738565802.670
1738565802.685
1738565802.701
1738565802.717
1738565802.732
1738565802.747
1738565802.763
1738565802.779
1738565802.794
1738565802.810
1738565802.826
1738565802.842
1738565802.858
1738565802.874
1738565802.890
1738565802.906
1738565802.921
1738565802.936
1738565802.951
1738565802.968
1738565802.983